# JRE version: OpenJDK Runtime Environment Corretto-15.0.2.7.1 (15.0.2+7) (build 15.0.2+7)
# Java VM: OpenJDK 64-Bit Server VM Corretto-15.0.2.7.1 (15.0.2+7, mixed mode, sharing, tiered, compressed oops, g1 gc, windows-amd64)
GC Precious Log:
 CPUs: 4 total, 4 available
 Memory: 4007M
 Large Page Support: Disabled
 NUMA Support: Disabled
 Compressed Oops: Enabled (32-bit)
 Heap Region Size: 1M
 Heap Min Capacity: 8M
 Heap Initial Capacity: 64M
 Heap Max Capacity: 1002M
 Pre-touch: Disabled
 Parallel Workers: 4
 Concurrent Workers: 1
 Concurrent Refinement Workers: 4
 Periodic GC: Disabled
Heap:
 garbage-first heap   total 73728K, used 46852K [0x00000000c1600000, 0x0000000100000000)
  region size 1024K, 13 young (13312K), 2 survivors (2048K)
 Metaspace       used 44739K, capacity 45663K, committed 45980K, reserved 1089536K
  class space    used 5403K, capacity 5546K, committed 5632K, reserved 1048576K
GC Heap History (20 events):
Event: 13.196 GC heap before
{Heap before GC invocations=2 (full 0):
 garbage-first heap   total 65536K, used 43917K [0x00000000c1600000, 0x0000000100000000)
  region size 1024K, 38 young (38912K), 2 survivors (2048K)
 Metaspace       used 17879K, capacity 19561K, committed 19712K, reserved 1067008K
  class space    used 2052K, capacity 2230K, committed 2304K, reserved 1048576K
}
Event: 13.212 GC heap after
{Heap after GC invocations=3 (full 0):
 garbage-first heap   total 65536K, used 9991K [0x00000000c1600000, 0x0000000100000000)
  region size 1024K, 5 young (5120K), 5 survivors (5120K)
 Metaspace       used 17879K, capacity 19561K, committed 19712K, reserved 1067008K
  class space    used 2052K, capacity 2230K, committed 2304K, reserved 1048576K
}
Event: 14.195 GC heap before
{Heap before GC invocations=3 (full 0):
 garbage-first heap   total 65536K, used 36615K [0x00000000c1600000, 0x0000000100000000)
  region size 1024K, 26 young (26624K), 5 survivors (5120K)
 Metaspace       used 19733K, capacity 21228K, committed 21296K, reserved 1069056K
  class space    used 2279K, capacity 2423K, committed 2432K, reserved 1048576K
}
Event: 14.228 GC heap after
{Heap after GC invocations=4 (full 0):
 garbage-first heap   total 65536K, used 16649K [0x00000000c1600000, 0x0000000100000000)
  region size 1024K, 5 young (5120K), 5 survivors (5120K)
 Metaspace       used 19733K, capacity 21228K, committed 21296K, reserved 1069056K
  class space    used 2279K, capacity 2423K, committed 2432K, reserved 1048576K
}
Event: 15.553 GC heap before
{Heap before GC invocations=5 (full 0):
 garbage-first heap   total 61440K, used 47369K [0x00000000c1600000, 0x0000000100000000)
  region size 1024K, 35 young (35840K), 5 survivors (5120K)
 Metaspace       used 26366K, capacity 27701K, committed 27904K, reserved 1073152K
  class space    used 3118K, capacity 3257K, committed 3328K, reserved 1048576K
}
Event: 15.573 GC heap after
{Heap after GC invocations=6 (full 0):
 garbage-first heap   total 61440K, used 20052K [0x00000000c1600000, 0x0000000100000000)
  region size 1024K, 4 young (4096K), 4 survivors (4096K)
 Metaspace       used 26366K, capacity 27701K, committed 27904K, reserved 1073152K
  class space    used 3118K, capacity 3257K, committed 3328K, reserved 1048576K
}
Event: 16.396 GC heap before
{Heap before GC invocations=6 (full 0):
 garbage-first heap   total 61440K, used 43604K [0x00000000c1600000, 0x0000000100000000)
  region size 1024K, 28 young (28672K), 4 survivors (4096K)
 Metaspace       used 33016K, capacity 34133K, committed 34304K, reserved 1079296K
  class space    used 4153K, capacity 4286K, committed 4352K, reserved 1048576K
}
Event: 16.409 GC heap after
{Heap after GC invocations=7 (full 0):
 garbage-first heap   total 61440K, used 22055K [0x00000000c1600000, 0x0000000100000000)
  region size 1024K, 2 young (2048K), 2 survivors (2048K)
 Metaspace       used 33016K, capacity 34133K, committed 34304K, reserved 1079296K
  class space    used 4153K, capacity 4286K, committed 4352K, reserved 1048576K
}
Event: 16.895 GC heap before
{Heap before GC invocations=7 (full 0):
 garbage-first heap   total 61440K, used 46631K [0x00000000c1600000, 0x0000000100000000)
  region size 1024K, 26 young (26624K), 2 survivors (2048K)
 Metaspace       used 34345K, capacity 35445K, committed 35712K, reserved 1081344K
  class space    used 4253K, capacity 4382K, committed 4480K, reserved 1048576K
}
Event: 16.915 GC heap after
{Heap after GC invocations=8 (full 0):
 garbage-first heap   total 61440K, used 25067K [0x00000000c1600000, 0x0000000100000000)
  region size 1024K, 4 young (4096K), 4 survivors (4096K)
 Metaspace       used 34345K, capacity 35445K, committed 35712K, reserved 1081344K
  class space    used 4253K, capacity 4382K, committed 4480K, reserved 1048576K
}
Event: 17.039 GC heap before
{Heap before GC invocations=8 (full 0):
 garbage-first heap   total 61440K, used 32235K [0x00000000c1600000, 0x0000000100000000)
  region size 1024K, 12 young (12288K), 4 survivors (4096K)
 Metaspace       used 34745K, capacity 35829K, committed 35968K, reserved 1081344K
  class space    used 4300K, capacity 4446K, committed 4480K, reserved 1048576K
}
Event: 17.054 GC heap after
{Heap after GC invocations=9 (full 0):
 garbage-first heap   total 61440K, used 26508K [0x00000000c1600000, 0x0000000100000000)
  region size 1024K, 2 young (2048K), 2 survivors (2048K)
 Metaspace       used 34745K, capacity 35829K, committed 35968K, reserved 1081344K
  class space    used 4300K, capacity 4446K, committed 4480K, reserved 1048576K
}
Event: 18.006 GC heap before
{Heap before GC invocations=10 (full 0):
 garbage-first heap   total 61440K, used 46988K [0x00000000c1600000, 0x0000000100000000)
  region size 1024K, 22 young (22528K), 2 survivors (2048K)
 Metaspace       used 37675K, capacity 38747K, committed 38940K, reserved 1083392K
  class space    used 4531K, capacity 4672K, committed 4736K, reserved 1048576K
}
Event: 18.023 GC heap after
{Heap after GC invocations=11 (full 0):
 garbage-first heap   total 61440K, used 29552K [0x00000000c1600000, 0x0000000100000000)
  region size 1024K, 3 young (3072K), 3 survivors (3072K)
 Metaspace       used 37675K, capacity 38747K, committed 38940K, reserved 1083392K
  class space    used 4531K, capacity 4672K, committed 4736K, reserved 1048576K
}
Event: 18.546 GC heap before
{Heap before GC invocations=11 (full 0):
 garbage-first heap   total 61440K, used 46960K [0x00000000c1600000, 0x0000000100000000)
  region size 1024K, 20 young (20480K), 3 survivors (3072K)
 Metaspace       used 38155K, capacity 39172K, committed 39452K, reserved 1083392K
  class space    used 4552K, capacity 4707K, committed 4736K, reserved 1048576K
}
Event: 18.568 GC heap after
{Heap after GC invocations=12 (full 0):
 garbage-first heap   total 61440K, used 32885K [0x00000000c1600000, 0x0000000100000000)
  region size 1024K, 3 young (3072K), 3 survivors (3072K)
 Metaspace       used 38155K, capacity 39172K, committed 39452K, reserved 1083392K
  class space    used 4552K, capacity 4707K, committed 4736K, reserved 1048576K
}
Event: 19.383 GC heap before
{Heap before GC invocations=12 (full 0):
 garbage-first heap   total 61440K, used 48245K [0x00000000c1600000, 0x0000000100000000)
  region size 1024K, 18 young (18432K), 3 survivors (3072K)
 Metaspace       used 40281K, capacity 41258K, committed 41500K, reserved 1085440K
  class space    used 4801K, capacity 4933K, committed 4992K, reserved 1048576K
}
Event: 19.406 GC heap after
{Heap after GC invocations=13 (full 0):
 garbage-first heap   total 61440K, used 35008K [0x00000000c1600000, 0x0000000100000000)
  region size 1024K, 2 young (2048K), 2 survivors (2048K)
 Metaspace       used 40281K, capacity 41258K, committed 41500K, reserved 1085440K
  class space    used 4801K, capacity 4933K, committed 4992K, reserved 1048576K
}
Event: 19.765 GC heap before
{Heap before GC invocations=14 (full 0):
 garbage-first heap   total 73728K, used 48320K [0x00000000c1600000, 0x0000000100000000)
  region size 1024K, 15 young (15360K), 2 survivors (2048K)
 Metaspace       used 41247K, capacity 42224K, committed 42396K, reserved 1087488K
  class space    used 4906K, capacity 5063K, committed 5120K, reserved 1048576K
}
Event: 19.779 GC heap after
{Heap after GC invocations=15 (full 0):
 garbage-first heap   total 73728K, used 36612K [0x00000000c1600000, 0x0000000100000000)
  region size 1024K, 2 young (2048K), 2 survivors (2048K)
 Metaspace       used 41247K, capacity 42224K, committed 42396K, reserved 1087488K
  class space    used 4906K, capacity 5063K, committed 5120K, reserved 1048576K
}

